2019/02/06 12:02:13 [info] 1675: 监听80端口成功!
2019/02/06 12:02:13 [info] 1675: 监听443端口成功!
2019/02/06 12:02:13 [notice] 1676: master process ./nginx 1676 启动并开始运行......!
2019/02/06 12:02:13 [notice] 1677: worker process 1677 启动并开始运行......!
2019/02/06 12:02:13 [notice] 1679: worker process 1679 启动并开始运行......!
2019/02/06 12:02:13 [notice] 1680: worker process 1680 启动并开始运行......!
2019/02/06 12:02:13 [notice] 1678: worker process 1678 启动并开始运行......!
2021/03/17 10:31:14 [info] 14610: 监听80端口成功!
2021/03/17 10:31:14 [info] 14610: 监听443端口成功!
2021/03/17 10:31:14 [notice] 14611: master process ./nginx_wjw 14611 启动并开始运行......!
2021/03/17 10:31:14 [notice] 14612: worker process 14612 启动并开始运行......!
2021/03/17 10:31:14 [notice] 14613: worker process 14613 启动并开始运行......!
2021/03/17 10:31:14 [notice] 14614: worker process 14614 启动并开始运行......!
2021/03/17 10:31:14 [notice] 14615: worker process 14615 启动并开始运行......!
2021/03/17 10:45:49 [stderr] 14613: nginx: 非常好，收到了一个完整的数据包【包头+包体】！
2021/03/17 10:45:49 [stderr] 14613: nginx: 非常好，收到了一个完整的数据包【包头+包体】！
2021/03/17 10:45:53 [stderr] 14613: nginx: 非常好，收到了一个完整的数据包【包头+包体】！
2021/03/17 10:45:53 [stderr] 14613: nginx: 非常好，收到了一个完整的数据包【包头+包体】！
2021/03/17 10:45:56 [stderr] 14613: nginx: 非常好，收到了一个完整的数据包【包头+包体】！
2021/03/17 10:45:56 [stderr] 14613: nginx: 非常好，收到了一个完整的数据包【包头+包体】！
2021/03/17 10:45:59 [stderr] 14613: nginx: 非常好，收到了一个完整的数据包【包头+包体】！
2021/03/17 10:45:59 [stderr] 14613: nginx: 非常好，收到了一个完整的数据包【包头+包体】！
2021/03/17 10:46:01 [stderr] 14613: nginx: 非常好，收到了一个完整的数据包【包头+包体】！
2021/03/17 10:46:01 [stderr] 14613: nginx: 非常好，收到了一个完整的数据包【包头+包体】！
2021/03/17 10:46:05 [stderr] 14613: nginx: 111111111111111111111111111111. (104: Connection reset by peer)
2021/03/17 10:50:19 [stderr] 14614: nginx: 非常好，收到了一个完整的数据包【包头+包体】！
2021/03/17 10:50:19 [stderr] 14614: nginx: 非常好，收到了一个完整的数据包【包头+包体】！
2021/03/17 10:50:23 [stderr] 14614: nginx: 非常好，收到了一个完整的数据包【包头+包体】！
2021/03/17 10:50:23 [stderr] 14614: nginx: 非常好，收到了一个完整的数据包【包头+包体】！
2021/03/17 10:50:25 [stderr] 14614: nginx: 111111111111111111111111111111. (104: Connection reset by peer)
2021/03/17 11:03:51 [info] 3401: 监听80端口成功!
2021/03/17 11:03:51 [info] 3401: 监听443端口成功!
2021/03/17 11:03:51 [notice] 3402: master process ./nginx_wjw 3402 启动并开始运行......!
2021/03/17 11:03:51 [notice] 3403: worker process 3403 启动并开始运行......!
2021/03/17 11:03:51 [notice] 3404: worker process 3404 启动并开始运行......!
2021/03/17 11:03:51 [notice] 3405: worker process 3405 启动并开始运行......!
2021/03/17 11:03:51 [notice] 3406: worker process 3406 启动并开始运行......!
2021/03/17 11:03:56 [stderr] 3405: nginx: 非常好，收到了一个完整的数据包【包头+包体】！
2021/03/17 11:03:56 [stderr] 3405: nginx: 非常好，收到了一个完整的数据包【包头+包体】！
2021/03/17 11:09:52 [stderr] 3403: nginx: 非常好，收到了一个完整的数据包【包头+包体】！
2021/03/17 11:09:52 [stderr] 3403: nginx: 非常好，收到了一个完整的数据包【包头+包体】！
2021/03/17 11:09:57 [stderr] 3406: nginx: 非常好，收到了一个完整的数据包【包头+包体】！
2021/03/17 11:09:57 [stderr] 3406: nginx: 非常好，收到了一个完整的数据包【包头+包体】！
2021/03/17 11:10:02 [stderr] 3406: nginx: 111111111111111111111111111111. (104: Connection reset by peer)
2021/03/17 11:10:12 [stderr] 3406: nginx: 非常好，收到了一个完整的数据包【包头+包体】！
2021/03/17 11:10:12 [stderr] 3406: nginx: 非常好，收到了一个完整的数据包【包头+包体】！
2021/03/17 11:16:27 [info] 4731: 监听80端口成功!
2021/03/17 11:16:27 [info] 4731: 监听443端口成功!
2021/03/17 11:16:27 [notice] 4732: master process ./nginx_wjw 4732 启动并开始运行......!
2021/03/17 11:16:27 [notice] 4736: worker process 4736 启动并开始运行......!
2021/03/17 11:16:27 [notice] 4737: worker process 4737 启动并开始运行......!
2021/03/17 11:16:27 [notice] 4738: worker process 4738 启动并开始运行......!
2021/03/17 11:16:27 [notice] 4739: worker process 4739 启动并开始运行......!
2021/03/17 11:16:33 [stderr] 4739: nginx: 非常好，收到了一个完整的数据包【包头+包体】！
2021/03/17 11:16:33 [stderr] 4739: nginx: 非常好，收到了一个完整的数据包【包头+包体】！
2021/03/17 11:16:34 [stderr] 4739: nginx: 非常好，收到了一个完整的数据包【包头+包体】！
2021/03/17 11:16:34 [stderr] 4739: nginx: 非常好，收到了一个完整的数据包【包头+包体】！
